{"contracts/Voting.sol":{"l":{"39":40,"40":36,"48":4,"53":4,"57":0,"64":36,"65":36,"67":35,"68":35,"75":16,"76":15,"79":14,"80":14,"81":14,"82":14,"88":12,"89":11,"90":10,"92":9,"93":9,"94":9,"96":9,"102":0,"103":0,"107":16,"108":16,"110":16,"111":16,"112":16,"114":16,"118":11,"119":10,"120":10,"124":9,"125":8,"126":8,"130":4,"131":3,"132":3,"137":3,"138":2,"139":2,"140":7,"141":3,"144":2,"146":2,"147":2},"path":"/Users/ayoub/Desktop/Ayoub/Projet Entrepreneur/Dev/Code/Alyra/Voting Git/backend/contracts/Voting.sol","s":{"1":40,"2":4,"3":4,"4":0,"5":36,"6":36,"7":35,"8":16,"9":15,"10":14,"11":14,"12":14,"13":12,"14":11,"15":10,"16":9,"17":0,"18":16,"19":16,"20":16,"21":16,"22":11,"23":10,"24":9,"25":8,"26":4,"27":3,"28":3,"29":2,"30":2,"31":7,"32":2},"b":{"1":[36,4],"2":[4,1],"3":[4,1],"4":[0,0],"5":[36,1],"6":[36,0],"7":[35,1],"8":[16,1],"9":[15,1],"10":[14,1],"11":[12,1],"12":[11,1],"13":[10,1],"14":[9,1],"15":[0,0],"16":[0,0],"17":[16,0],"18":[16,0],"19":[11,1],"20":[10,1],"21":[9,1],"22":[8,1],"23":[4,1],"24":[3,1],"25":[3,0],"26":[2,1],"27":[3,4]},"f":{"1":40,"2":4,"3":4,"4":0,"5":36,"6":16,"7":12,"8":0,"9":16,"10":11,"11":9,"12":4,"13":3},"fnMap":{"1":{"name":"onlyVoters","line":38,"loc":{"start":{"line":38,"column":4},"end":{"line":41,"column":4}}},"2":{"name":"getVoter","line":47,"loc":{"start":{"line":47,"column":4},"end":{"line":49,"column":4}}},"3":{"name":"getOneProposal","line":52,"loc":{"start":{"line":52,"column":4},"end":{"line":54,"column":4}}},"4":{"name":"getProposal","line":56,"loc":{"start":{"line":56,"column":4},"end":{"line":58,"column":4}}},"5":{"name":"addVoter","line":63,"loc":{"start":{"line":63,"column":4},"end":{"line":69,"column":4}}},"6":{"name":"addProposal","line":74,"loc":{"start":{"line":74,"column":4},"end":{"line":83,"column":4}}},"7":{"name":"setVote","line":87,"loc":{"start":{"line":87,"column":4},"end":{"line":97,"column":4}}},"8":{"name":"startVotersRegistering","line":101,"loc":{"start":{"line":101,"column":4},"end":{"line":104,"column":4}}},"9":{"name":"startProposalsRegistering","line":106,"loc":{"start":{"line":106,"column":4},"end":{"line":115,"column":4}}},"10":{"name":"endProposalsRegistering","line":117,"loc":{"start":{"line":117,"column":4},"end":{"line":121,"column":4}}},"11":{"name":"startVotingSession","line":123,"loc":{"start":{"line":123,"column":4},"end":{"line":127,"column":4}}},"12":{"name":"endVotingSession","line":129,"loc":{"start":{"line":129,"column":4},"end":{"line":133,"column":4}}},"13":{"name":"tallyVotes","line":136,"loc":{"start":{"line":136,"column":3},"end":{"line":148,"column":4}}}},"statementMap":{"1":{"start":{"line":39,"column":8},"end":{"line":39,"column":69}},"2":{"start":{"line":48,"column":8},"end":{"line":48,"column":28}},"3":{"start":{"line":53,"column":8},"end":{"line":53,"column":34}},"4":{"start":{"line":57,"column":8},"end":{"line":57,"column":34}},"5":{"start":{"line":64,"column":8},"end":{"line":64,"column":105}},"6":{"start":{"line":65,"column":8},"end":{"line":65,"column":72}},"7":{"start":{"line":68,"column":8},"end":{"line":68,"column":35}},"8":{"start":{"line":75,"column":8},"end":{"line":75,"column":110}},"9":{"start":{"line":76,"column":8},"end":{"line":76,"column":112}},"10":{"start":{"line":79,"column":8},"end":{"line":79,"column":32}},"11":{"start":{"line":81,"column":8},"end":{"line":81,"column":36}},"12":{"start":{"line":82,"column":8},"end":{"line":82,"column":56}},"13":{"start":{"line":88,"column":8},"end":{"line":88,"column":106}},"14":{"start":{"line":89,"column":8},"end":{"line":89,"column":77}},"15":{"start":{"line":90,"column":8},"end":{"line":90,"column":65}},"16":{"start":{"line":96,"column":8},"end":{"line":96,"column":35}},"17":{"start":{"line":102,"column":8},"end":{"line":102,"column":88}},"18":{"start":{"line":107,"column":8},"end":{"line":107,"column":111}},"19":{"start":{"line":110,"column":8},"end":{"line":110,"column":32}},"20":{"start":{"line":112,"column":8},"end":{"line":112,"column":36}},"21":{"start":{"line":114,"column":8},"end":{"line":114,"column":112}},"22":{"start":{"line":118,"column":8},"end":{"line":118,"column":121}},"23":{"start":{"line":120,"column":8},"end":{"line":120,"column":121}},"24":{"start":{"line":124,"column":8},"end":{"line":124,"column":122}},"25":{"start":{"line":126,"column":8},"end":{"line":126,"column":113}},"26":{"start":{"line":130,"column":8},"end":{"line":130,"column":106}},"27":{"start":{"line":132,"column":8},"end":{"line":132,"column":105}},"28":{"start":{"line":137,"column":7},"end":{"line":137,"column":112}},"29":{"start":{"line":138,"column":7},"end":{"line":138,"column":30}},"30":{"start":{"line":139,"column":6},"end":{"line":139,"column":5160}},"31":{"start":{"line":140,"column":11},"end":{"line":140,"column":5228}},"32":{"start":{"line":147,"column":7},"end":{"line":147,"column":96}}},"branchMap":{"1":{"line":39,"type":"if","locations":[{"start":{"line":39,"column":8},"end":{"line":39,"column":8}},{"start":{"line":39,"column":8},"end":{"line":39,"column":8}}]},"2":{"line":47,"type":"if","locations":[{"start":{"line":47,"column":46},"end":{"line":47,"column":46}},{"start":{"line":47,"column":46},"end":{"line":47,"column":46}}]},"3":{"line":52,"type":"if","locations":[{"start":{"line":52,"column":47},"end":{"line":52,"column":47}},{"start":{"line":52,"column":47},"end":{"line":52,"column":47}}]},"4":{"line":56,"type":"if","locations":[{"start":{"line":56,"column":44},"end":{"line":56,"column":44}},{"start":{"line":56,"column":44},"end":{"line":56,"column":44}}]},"5":{"line":63,"type":"if","locations":[{"start":{"line":63,"column":46},"end":{"line":63,"column":46}},{"start":{"line":63,"column":46},"end":{"line":63,"column":46}}]},"6":{"line":64,"type":"if","locations":[{"start":{"line":64,"column":8},"end":{"line":64,"column":8}},{"start":{"line":64,"column":8},"end":{"line":64,"column":8}}]},"7":{"line":65,"type":"if","locations":[{"start":{"line":65,"column":8},"end":{"line":65,"column":8}},{"start":{"line":65,"column":8},"end":{"line":65,"column":8}}]},"8":{"line":74,"type":"if","locations":[{"start":{"line":74,"column":57},"end":{"line":74,"column":57}},{"start":{"line":74,"column":57},"end":{"line":74,"column":57}}]},"9":{"line":75,"type":"if","locations":[{"start":{"line":75,"column":8},"end":{"line":75,"column":8}},{"start":{"line":75,"column":8},"end":{"line":75,"column":8}}]},"10":{"line":76,"type":"if","locations":[{"start":{"line":76,"column":8},"end":{"line":76,"column":8}},{"start":{"line":76,"column":8},"end":{"line":76,"column":8}}]},"11":{"line":87,"type":"if","locations":[{"start":{"line":87,"column":40},"end":{"line":87,"column":40}},{"start":{"line":87,"column":40},"end":{"line":87,"column":40}}]},"12":{"line":88,"type":"if","locations":[{"start":{"line":88,"column":8},"end":{"line":88,"column":8}},{"start":{"line":88,"column":8},"end":{"line":88,"column":8}}]},"13":{"line":89,"type":"if","locations":[{"start":{"line":89,"column":8},"end":{"line":89,"column":8}},{"start":{"line":89,"column":8},"end":{"line":89,"column":8}}]},"14":{"line":90,"type":"if","locations":[{"start":{"line":90,"column":8},"end":{"line":90,"column":8}},{"start":{"line":90,"column":8},"end":{"line":90,"column":8}}]},"15":{"line":101,"type":"if","locations":[{"start":{"line":101,"column":47},"end":{"line":101,"column":47}},{"start":{"line":101,"column":47},"end":{"line":101,"column":47}}]},"16":{"line":102,"type":"if","locations":[{"start":{"line":102,"column":8},"end":{"line":102,"column":8}},{"start":{"line":102,"column":8},"end":{"line":102,"column":8}}]},"17":{"line":106,"type":"if","locations":[{"start":{"line":106,"column":50},"end":{"line":106,"column":50}},{"start":{"line":106,"column":50},"end":{"line":106,"column":50}}]},"18":{"line":107,"type":"if","locations":[{"start":{"line":107,"column":8},"end":{"line":107,"column":8}},{"start":{"line":107,"column":8},"end":{"line":107,"column":8}}]},"19":{"line":117,"type":"if","locations":[{"start":{"line":117,"column":48},"end":{"line":117,"column":48}},{"start":{"line":117,"column":48},"end":{"line":117,"column":48}}]},"20":{"line":118,"type":"if","locations":[{"start":{"line":118,"column":8},"end":{"line":118,"column":8}},{"start":{"line":118,"column":8},"end":{"line":118,"column":8}}]},"21":{"line":123,"type":"if","locations":[{"start":{"line":123,"column":43},"end":{"line":123,"column":43}},{"start":{"line":123,"column":43},"end":{"line":123,"column":43}}]},"22":{"line":124,"type":"if","locations":[{"start":{"line":124,"column":8},"end":{"line":124,"column":8}},{"start":{"line":124,"column":8},"end":{"line":124,"column":8}}]},"23":{"line":129,"type":"if","locations":[{"start":{"line":129,"column":41},"end":{"line":129,"column":41}},{"start":{"line":129,"column":41},"end":{"line":129,"column":41}}]},"24":{"line":130,"type":"if","locations":[{"start":{"line":130,"column":8},"end":{"line":130,"column":8}},{"start":{"line":130,"column":8},"end":{"line":130,"column":8}}]},"25":{"line":136,"type":"if","locations":[{"start":{"line":136,"column":34},"end":{"line":136,"column":34}},{"start":{"line":136,"column":34},"end":{"line":136,"column":34}}]},"26":{"line":137,"type":"if","locations":[{"start":{"line":137,"column":7},"end":{"line":137,"column":7}},{"start":{"line":137,"column":7},"end":{"line":137,"column":7}}]},"27":{"line":140,"type":"if","locations":[{"start":{"line":140,"column":11},"end":{"line":140,"column":11}},{"start":{"line":140,"column":11},"end":{"line":140,"column":11}}]}}}}